{
IF
(
IM
)
{
ID
=
IM
;
ID
=
IM
;
ID
=
IM
;
ID
=
IM
;
ID
=
IM
;
ID
=
IM
;
ID
=
IM
;
ID
=
IM
;
ID
=
IM
;
ID
=
IM
;
ID
=
IM
;
ID
=
IM
;
ID
=
IM
;
ID
=
IM
;
ID
=
IM
;
ID
=
IM
;
ID
=
IM
;
ID
=
IM
;
ID
=
IM
;
ID
=
IM
;
ID
=
IM
;
ID
=
IM
;
ID
=
IM
;
ID
=
IM
;
}
WHILE
(
IM
)
{
ID
=
IM
;
ID
=
IM
;
ID
=
IM
;
ID
=
IM
;
ID
=
IM
;
ID
=
IM
;
ID
=
IM
;
ID
=
IM
;
ID
=
IM
;
ID
=
IM
;
ID
=
IM
;
ID
=
IM
;
ID
=
IM
;
ID
=
IM
;
ID
=
IM
;
ID
=
IM
;
ID
=
IM
;
ID
=
IM
;
ID
=
IM
;
ID
=
IM
;
ID
=
IM
;
ID
=
IM
;
ID
=
IM
;
ID
=
IM
;
}
ID
=
IM
;
ID
=
IM
;
ID
=
IM
;
IF
(
ID
=
IM
)
{
IF
(
ID
=
IM
)
{
}
}
}
$